<?xml version="1.0" encoding="UTF-8"?>
<!-- Generated by org.testng.reporters.JUnitReportReporter -->
<testsuite hostname="STFMXC1617" failures="1" tests="1" name="com.projectName.basicTestScripts.Test001_BasicFeaturesJSON" time="3.312" errors="0" timestamp="2022-03-09T22:20:19 CST" skipped="0">
  <testcase classname="com.projectName.basicTestScripts.Test001_BasicFeaturesJSON" name="validatePropertyValue" time="3.312">
    <failure message="1 expectation failed.
JSON path photos.id doesn&#039;t match.
Expected: 102693
  Actual: &lt;[102693, 102694, 102850, 102851, 424905, 424906, 424907, 424908, 424909, 424910, 424911, 424912, 424913, 424914, 424915, 424916, 424917, 424918, 424919, 424920, 424921, 424922, 424923, 424924, 424925, 424926, 424927, 424928, 424929, 424930, 424931, 424932, 424933, 424934, 424935, 424936, 424937, 424938, 424939, 424940, 424941, 424942, 424943, 424944, 424945, 424946, 424947, 424948, 424949, 424950, 424951, 424952, 424953, 424954, 424955, 424956, 424957, 424958, 424959, 424960, 424961, 424962, 424963, 424964, 424965, 424966, 424967, 424968, 424969, 424970, 424971, 424972, 424973, 424974, 424975, 424976, 424977, 424978, 424979, 424980, 424981, 424982, 424983, 424984, 424985, 424986, 424987, 424988, 424989, 424990, 424991, 424992, 424993, 424994, 424995, 424996, 424997, 424998, 424999, 425000, 425001, 425002, 425003, 425004, 425005, 425006, 425007, 425008, 425009, 425010, 425011, 425012, 425013, 425014, 425015, 425016, 425017, 425018, 425019, 425020, 425021, 425022, 425023, 425024, 425025, 425026, 425027, 425028, 425029, 425030, 425031, 425032, 425033, 425034, 425035, 425036, 425037, 425038, 425039, 425040, 425041, 425042, 425043, 425044, 425045, 425046, 425047, 425048, 425049, 425050, 425051, 425052, 425053, 425054, 425055, 425056, 425057, 425058, 425059, 425060, 425061, 425062, 425063, 425064, 425065, 425066, 425067, 425068, 425069, 425070, 425071, 425072, 425073, 425074, 425075, 425076, 425077, 425078, 425079, 425080, 425081, 425082, 425083, 425084, 425085, 425086, 425087, 425088, 425089, 425090, 425091, 425092, 425093, 425094, 425095, 425096, 425097, 425098, 425099, 425100, 425101, 425102, 425103, 425104, 425105, 425106, 425107, 425108, 425109, 425110, 425111, 425112, 425113, 425114, 425115, 425116, 425117, 425118, 425119, 425120, 425121, 425122, 425123, 425124, 425125, 425126, 425127, 425128, 425129, 425130, 425131, 425132, 425133, 425134, 425135, 425136, 425137, 425138, 425139, 425140, 425141, 425142, 425143, 425144, 425145, 425146, 425147, 425148, 425149, 425150, 425151, 425152, 425153, 425154, 425155, 425156, 425157, 425158, 425159, 425160, 425161, 425162, 425163, 425164, 425165, 425166, 425167, 425168, 425169, 425170, 425171, 425172, 425173, 425174, 425175, 425176, 425177, 425178, 425179, 425180, 425181, 425182, 425183, 425184, 425185, 425186, 425187, 425188, 425189, 425190, 425191, 425192, 425193, 425194, 425195, 425196, 425197, 425198, 425199, 425200, 425201, 425202, 425203, 425204, 425205, 425206, 425207, 425208, 425209, 425210, 425211, 425212, 425213, 425214, 425215, 425216, 425217, 425218, 425219, 425220, 425221, 425222, 425223, 425224, 425225, 425226, 425227, 425228, 425229, 425230, 425231, 425232, 425233, 425234, 425235, 425236, 425237, 425238, 425239, 425240, 425241, 425242, 425243, 425244, 425245, 425246, 425247, 425248, 425249, 425250, 425251, 425252, 425253, 425254, 425255, 425256, 425257, 425258, 425259, 425260, 425261, 425262, 425263, 425264, 425265, 425266, 425267, 425268, 425269, 425270, 425271, 425272, 425273, 425274, 425275, 425276, 425277, 425278, 425279, 425280, 425281, 425282, 425283, 425284, 425285, 425286, 425287, 425288, 425289, 425290, 425291, 425292, 425293, 425294, 425295, 425296, 425297, 425298, 425299, 425300, 425301, 425302, 425303, 425304, 425305, 425306, 425307, 425308, 425309, 425310, 425311, 425312, 425313, 425314, 425315, 425316, 425317, 425318, 425319, 425320, 425321, 425322, 425323, 425324, 425325, 425326, 425327, 425328, 425329, 425330, 425331, 425332, 425333, 425334, 425335, 425336, 425337, 425338, 425339, 425340, 425341, 425342, 425343, 425344, 425345, 425346, 425347, 425348, 425349, 425350, 425351, 425352, 425353, 425354, 425355, 425356, 425357, 425358, 425359, 425360, 425361, 425362, 425363, 425364, 425365, 425366, 425367, 425368, 425369, 425370, 425371, 425372, 425373, 425374, 425375, 425376, 425377, 425378, 425379, 425380, 425381, 425382, 425383, 425384, 425385, 425386, 425387, 425388, 425389, 425390, 425391, 425392, 425393, 425394, 425395, 425396, 425397, 425398, 425399, 425400, 425401, 425402, 425403, 425404, 425405, 425406, 425407, 425408, 425409, 425410, 425411, 425412, 425413, 425414, 425415, 425416, 425417, 425418, 425419, 425420, 425421, 425422, 425423, 425424, 425425, 425426, 425427, 425428, 425429, 425430, 425431, 425432, 425433, 425434, 425435, 425436, 425437, 425438, 425439, 425440, 425441, 425442, 425443, 425444, 425445, 425446, 425447, 425448, 425449, 425450, 425451, 425452, 425453, 425454, 425455, 425456, 425457, 425458, 425459, 425460, 425461, 425462, 425463, 425464, 425465, 425466, 425467, 425468, 425469, 425470, 425471, 425472, 425473, 425474, 512029, 512030, 512031, 512032, 512033, 512034, 514553, 514554, 514555, 514556, 514557, 514558, 514559, 514560, 514561, 514562, 514563, 514564, 514565, 514566, 514567, 514568, 514569, 514570, 514571, 514572, 514573, 514574, 514575, 514576, 514577, 514578, 514579, 514580, 514581, 514582, 514583, 514584, 514585, 514586, 514587, 514612, 514613, 514614, 514615, 514616, 514617, 514618, 514619, 514620, 514621, 514622, 514623, 514624, 514625, 514626, 514627, 514628, 514629, 514630, 514631, 514632, 514633, 514634, 514635, 514636, 514637, 514638, 514639, 514640, 514641, 514642, 514643, 514644, 514645, 514646, 514647, 514648, 514649, 514650, 514651, 514652, 514653, 514654, 514655, 514656, 514657, 514658, 514659, 514660, 514661, 514662, 514663, 514664, 514665, 514666, 514667, 514668, 514669, 514670, 514671, 514672, 514673, 514674, 514675, 514676, 514677, 514678, 514679, 514680, 514681, 514682, 514683, 514684, 514729, 514730, 514731, 514732, 514733, 514734, 514746, 514747, 514748, 514749, 514774, 514775, 514776, 514777, 514778, 514779, 514780, 514781, 514782, 514783, 514784, 514785, 514786, 514787, 514788, 514789, 514790, 514791, 514792, 514793, 514794, 514795, 514796, 514797, 514798, 514799, 514800, 514801, 514802, 514803, 514804, 514805, 514806, 514807, 514808, 514809, 514810, 514811, 514812, 514813, 514814, 514815, 514816, 514817, 514818, 514819, 514820, 514821, 514822, 514823, 514824, 514825, 514826, 514827, 514828, 514829, 514830, 515493, 515494, 515495, 515496, 515497, 515498, 515499, 515500, 515501, 515502, 515503, 515504, 515505, 515506, 515507, 515508, 515509, 515510, 515511, 515512, 515513, 515514, 515515, 515516, 515517, 515518, 515519, 515520, 515521, 515522, 515523, 515524, 515525, 515526, 515527, 515528, 515529, 515530, 515531, 515532, 515533, 515534, 515535, 515536, 515537, 515538, 515539, 515540, 515541, 515542, 515543, 515544, 515545, 515546, 515547, 515790, 515791, 515792, 515793, 515794, 515795, 515796, 515797, 515798, 515799, 515800, 515801, 515802, 515803, 515804, 515805, 515806, 515807, 515808, 515809, 515810, 515811, 515907, 515908, 515909, 515910, 515911, 515912, 515913, 515914, 517433, 517434, 411632, 411633, 411634, 411635, 103383, 103384, 103385, 103386, 103387, 103388, 103389, 409063, 409064, 409065]&gt;
" type="java.lang.AssertionError">
      <![CDATA[java.lang.AssertionError: 1 expectation failed.
JSON path photos.id doesn't match.
Expected: 102693
  Actual: <[102693, 102694, 102850, 102851, 424905, 424906, 424907, 424908, 424909, 424910, 424911, 424912, 424913, 424914, 424915, 424916, 424917, 424918, 424919, 424920, 424921, 424922, 424923, 424924, 424925, 424926, 424927, 424928, 424929, 424930, 424931, 424932, 424933, 424934, 424935, 424936, 424937, 424938, 424939, 424940, 424941, 424942, 424943, 424944, 424945, 424946, 424947, 424948, 424949, 424950, 424951, 424952, 424953, 424954, 424955, 424956, 424957, 424958, 424959, 424960, 424961, 424962, 424963, 424964, 424965, 424966, 424967, 424968, 424969, 424970, 424971, 424972, 424973, 424974, 424975, 424976, 424977, 424978, 424979, 424980, 424981, 424982, 424983, 424984, 424985, 424986, 424987, 424988, 424989, 424990, 424991, 424992, 424993, 424994, 424995, 424996, 424997, 424998, 424999, 425000, 425001, 425002, 425003, 425004, 425005, 425006, 425007, 425008, 425009, 425010, 425011, 425012, 425013, 425014, 425015, 425016, 425017, 425018, 425019, 425020, 425021, 425022, 425023, 425024, 425025, 425026, 425027, 425028, 425029, 425030, 425031, 425032, 425033, 425034, 425035, 425036, 425037, 425038, 425039, 425040, 425041, 425042, 425043, 425044, 425045, 425046, 425047, 425048, 425049, 425050, 425051, 425052, 425053, 425054, 425055, 425056, 425057, 425058, 425059, 425060, 425061, 425062, 425063, 425064, 425065, 425066, 425067, 425068, 425069, 425070, 425071, 425072, 425073, 425074, 425075, 425076, 425077, 425078, 425079, 425080, 425081, 425082, 425083, 425084, 425085, 425086, 425087, 425088, 425089, 425090, 425091, 425092, 425093, 425094, 425095, 425096, 425097, 425098, 425099, 425100, 425101, 425102, 425103, 425104, 425105, 425106, 425107, 425108, 425109, 425110, 425111, 425112, 425113, 425114, 425115, 425116, 425117, 425118, 425119, 425120, 425121, 425122, 425123, 425124, 425125, 425126, 425127, 425128, 425129, 425130, 425131, 425132, 425133, 425134, 425135, 425136, 425137, 425138, 425139, 425140, 425141, 425142, 425143, 425144, 425145, 425146, 425147, 425148, 425149, 425150, 425151, 425152, 425153, 425154, 425155, 425156, 425157, 425158, 425159, 425160, 425161, 425162, 425163, 425164, 425165, 425166, 425167, 425168, 425169, 425170, 425171, 425172, 425173, 425174, 425175, 425176, 425177, 425178, 425179, 425180, 425181, 425182, 425183, 425184, 425185, 425186, 425187, 425188, 425189, 425190, 425191, 425192, 425193, 425194, 425195, 425196, 425197, 425198, 425199, 425200, 425201, 425202, 425203, 425204, 425205, 425206, 425207, 425208, 425209, 425210, 425211, 425212, 425213, 425214, 425215, 425216, 425217, 425218, 425219, 425220, 425221, 425222, 425223, 425224, 425225, 425226, 425227, 425228, 425229, 425230, 425231, 425232, 425233, 425234, 425235, 425236, 425237, 425238, 425239, 425240, 425241, 425242, 425243, 425244, 425245, 425246, 425247, 425248, 425249, 425250, 425251, 425252, 425253, 425254, 425255, 425256, 425257, 425258, 425259, 425260, 425261, 425262, 425263, 425264, 425265, 425266, 425267, 425268, 425269, 425270, 425271, 425272, 425273, 425274, 425275, 425276, 425277, 425278, 425279, 425280, 425281, 425282, 425283, 425284, 425285, 425286, 425287, 425288, 425289, 425290, 425291, 425292, 425293, 425294, 425295, 425296, 425297, 425298, 425299, 425300, 425301, 425302, 425303, 425304, 425305, 425306, 425307, 425308, 425309, 425310, 425311, 425312, 425313, 425314, 425315, 425316, 425317, 425318, 425319, 425320, 425321, 425322, 425323, 425324, 425325, 425326, 425327, 425328, 425329, 425330, 425331, 425332, 425333, 425334, 425335, 425336, 425337, 425338, 425339, 425340, 425341, 425342, 425343, 425344, 425345, 425346, 425347, 425348, 425349, 425350, 425351, 425352, 425353, 425354, 425355, 425356, 425357, 425358, 425359, 425360, 425361, 425362, 425363, 425364, 425365, 425366, 425367, 425368, 425369, 425370, 425371, 425372, 425373, 425374, 425375, 425376, 425377, 425378, 425379, 425380, 425381, 425382, 425383, 425384, 425385, 425386, 425387, 425388, 425389, 425390, 425391, 425392, 425393, 425394, 425395, 425396, 425397, 425398, 425399, 425400, 425401, 425402, 425403, 425404, 425405, 425406, 425407, 425408, 425409, 425410, 425411, 425412, 425413, 425414, 425415, 425416, 425417, 425418, 425419, 425420, 425421, 425422, 425423, 425424, 425425, 425426, 425427, 425428, 425429, 425430, 425431, 425432, 425433, 425434, 425435, 425436, 425437, 425438, 425439, 425440, 425441, 425442, 425443, 425444, 425445, 425446, 425447, 425448, 425449, 425450, 425451, 425452, 425453, 425454, 425455, 425456, 425457, 425458, 425459, 425460, 425461, 425462, 425463, 425464, 425465, 425466, 425467, 425468, 425469, 425470, 425471, 425472, 425473, 425474, 512029, 512030, 512031, 512032, 512033, 512034, 514553, 514554, 514555, 514556, 514557, 514558, 514559, 514560, 514561, 514562, 514563, 514564, 514565, 514566, 514567, 514568, 514569, 514570, 514571, 514572, 514573, 514574, 514575, 514576, 514577, 514578, 514579, 514580, 514581, 514582, 514583, 514584, 514585, 514586, 514587, 514612, 514613, 514614, 514615, 514616, 514617, 514618, 514619, 514620, 514621, 514622, 514623, 514624, 514625, 514626, 514627, 514628, 514629, 514630, 514631, 514632, 514633, 514634, 514635, 514636, 514637, 514638, 514639, 514640, 514641, 514642, 514643, 514644, 514645, 514646, 514647, 514648, 514649, 514650, 514651, 514652, 514653, 514654, 514655, 514656, 514657, 514658, 514659, 514660, 514661, 514662, 514663, 514664, 514665, 514666, 514667, 514668, 514669, 514670, 514671, 514672, 514673, 514674, 514675, 514676, 514677, 514678, 514679, 514680, 514681, 514682, 514683, 514684, 514729, 514730, 514731, 514732, 514733, 514734, 514746, 514747, 514748, 514749, 514774, 514775, 514776, 514777, 514778, 514779, 514780, 514781, 514782, 514783, 514784, 514785, 514786, 514787, 514788, 514789, 514790, 514791, 514792, 514793, 514794, 514795, 514796, 514797, 514798, 514799, 514800, 514801, 514802, 514803, 514804, 514805, 514806, 514807, 514808, 514809, 514810, 514811, 514812, 514813, 514814, 514815, 514816, 514817, 514818, 514819, 514820, 514821, 514822, 514823, 514824, 514825, 514826, 514827, 514828, 514829, 514830, 515493, 515494, 515495, 515496, 515497, 515498, 515499, 515500, 515501, 515502, 515503, 515504, 515505, 515506, 515507, 515508, 515509, 515510, 515511, 515512, 515513, 515514, 515515, 515516, 515517, 515518, 515519, 515520, 515521, 515522, 515523, 515524, 515525, 515526, 515527, 515528, 515529, 515530, 515531, 515532, 515533, 515534, 515535, 515536, 515537, 515538, 515539, 515540, 515541, 515542, 515543, 515544, 515545, 515546, 515547, 515790, 515791, 515792, 515793, 515794, 515795, 515796, 515797, 515798, 515799, 515800, 515801, 515802, 515803, 515804, 515805, 515806, 515807, 515808, 515809, 515810, 515811, 515907, 515908, 515909, 515910, 515911, 515912, 515913, 515914, 517433, 517434, 411632, 411633, 411634, 411635, 103383, 103384, 103385, 103386, 103387, 103388, 103389, 409063, 409064, 409065]>

at java.base/jdk.internal.reflect.NativeConstructorAccessorImpl.newInstance0(Native Method)
at java.base/jdk.internal.reflect.NativeConstructorAccessorImpl.newInstance(NativeConstructorAccessorImpl.java:77)
at java.base/jdk.internal.reflect.DelegatingConstructorAccessorImpl.newInstance(DelegatingConstructorAccessorImpl.java:45)
at java.base/java.lang.reflect.Constructor.newInstanceWithCaller(Constructor.java:499)
at java.base/java.lang.reflect.Constructor.newInstance(Constructor.java:480)
at org.codehaus.groovy.reflection.CachedConstructor.invoke(CachedConstructor.java:72)
at org.codehaus.groovy.runtime.callsite.ConstructorSite$ConstructorSiteNoUnwrapNoCoerce.callConstructor(ConstructorSite.java:105)
at org.codehaus.groovy.runtime.callsite.CallSiteArray.defaultCallConstructor(CallSiteArray.java:59)
at org.codehaus.groovy.runtime.callsite.AbstractCallSite.callConstructor(AbstractCallSite.java:263)
at org.codehaus.groovy.runtime.callsite.AbstractCallSite.callConstructor(AbstractCallSite.java:277)
at io.restassured.internal.ResponseSpecificationImpl$HamcrestAssertionClosure.validate(ResponseSpecificationImpl.groovy:499)
at io.restassured.internal.ResponseSpecificationImpl$HamcrestAssertionClosure$validate$1.call(Unknown Source)
at org.codehaus.groovy.runtime.callsite.CallSiteArray.defaultCall(CallSiteArray.java:47)
at org.codehaus.groovy.runtime.callsite.AbstractCallSite.call(AbstractCallSite.java:125)
at org.codehaus.groovy.runtime.callsite.AbstractCallSite.call(AbstractCallSite.java:139)
at io.restassured.internal.ResponseSpecificationImpl.validateResponseIfRequired(ResponseSpecificationImpl.groovy:684)
at java.base/jdk.internal.reflect.NativeMethodAccessorImpl.invoke0(Native Method)
at java.base/jdk.internal.reflect.NativeMethodAccessorImpl.invoke(NativeMethodAccessorImpl.java:77)
at java.base/jdk.internal.reflect.DelegatingMethodAccessorImpl.invoke(DelegatingMethodAccessorImpl.java:43)
at java.base/java.lang.reflect.Method.invoke(Method.java:568)
at org.codehaus.groovy.runtime.callsite.PlainObjectMetaMethodSite.doInvoke(PlainObjectMetaMethodSite.java:43)
at org.codehaus.groovy.runtime.callsite.PogoMetaMethodSite$PogoCachedMethodSiteNoUnwrapNoCoerce.invoke(PogoMetaMethodSite.java:193)
at org.codehaus.groovy.runtime.callsite.PogoMetaMethodSite.callCurrent(PogoMetaMethodSite.java:61)
at org.codehaus.groovy.runtime.callsite.CallSiteArray.defaultCallCurrent(CallSiteArray.java:51)
at org.codehaus.groovy.runtime.callsite.AbstractCallSite.callCurrent(AbstractCallSite.java:171)
at org.codehaus.groovy.runtime.callsite.AbstractCallSite.callCurrent(AbstractCallSite.java:185)
at io.restassured.internal.ResponseSpecificationImpl.body(ResponseSpecificationImpl.groovy:262)
at io.restassured.specification.ResponseSpecification$body$0.callCurrent(Unknown Source)
at org.codehaus.groovy.runtime.callsite.CallSiteArray.defaultCallCurrent(CallSiteArray.java:51)
at org.codehaus.groovy.runtime.callsite.AbstractCallSite.callCurrent(AbstractCallSite.java:171)
at org.codehaus.groovy.runtime.callsite.AbstractCallSite.callCurrent(AbstractCallSite.java:212)
at io.restassured.internal.ResponseSpecificationImpl.body(ResponseSpecificationImpl.groovy:109)
at io.restassured.internal.ValidatableResponseOptionsImpl.body(ValidatableResponseOptionsImpl.java:244)
at io.restassured.internal.ValidatableResponseImpl.super$2$body(ValidatableResponseImpl.groovy)
at java.base/jdk.internal.reflect.NativeMethodAccessorImpl.invoke0(Native Method)
at java.base/jdk.internal.reflect.NativeMethodAccessorImpl.invoke(NativeMethodAccessorImpl.java:77)
at java.base/jdk.internal.reflect.DelegatingMethodAccessorImpl.invoke(DelegatingMethodAccessorImpl.java:43)
at java.base/java.lang.reflect.Method.invoke(Method.java:568)
at org.codehaus.groovy.reflection.CachedMethod.invoke(CachedMethod.java:107)
at groovy.lang.MetaMethod.doMethodInvoke(MetaMethod.java:323)
at groovy.lang.MetaClassImpl.invokeMethod(MetaClassImpl.java:1268)
at org.codehaus.groovy.runtime.ScriptBytecodeAdapter.invokeMethodOnSuperN(ScriptBytecodeAdapter.java:144)
at io.restassured.internal.ValidatableResponseImpl.body(ValidatableResponseImpl.groovy:298)
at io.restassured.internal.ValidatableResponseImpl.body(ValidatableResponseImpl.groovy)
at com.projectName.basicTestScripts.Test001_BasicFeaturesJSON.validatePropertyValue(Test001_BasicFeaturesJSON.java:43)
at java.base/jdk.internal.reflect.NativeMethodAccessorImpl.invoke0(Native Method)
at java.base/jdk.internal.reflect.NativeMethodAccessorImpl.invoke(NativeMethodAccessorImpl.java:77)
at java.base/jdk.internal.reflect.DelegatingMethodAccessorImpl.invoke(DelegatingMethodAccessorImpl.java:43)
at java.base/java.lang.reflect.Method.invoke(Method.java:568)
at org.testng.internal.invokers.MethodInvocationHelper.invokeMethod(MethodInvocationHelper.java:135)
at org.testng.internal.invokers.TestInvoker.invokeMethod(TestInvoker.java:673)
at org.testng.internal.invokers.TestInvoker.invokeTestMethod(TestInvoker.java:220)
at org.testng.internal.invokers.MethodRunner.runInSequence(MethodRunner.java:50)
at org.testng.internal.invokers.TestInvoker$MethodInvocationAgent.invoke(TestInvoker.java:945)
at org.testng.internal.invokers.TestInvoker.invokeTestMethods(TestInvoker.java:193)
at org.testng.internal.invokers.TestMethodWorker.invokeTestMethods(TestMethodWorker.java:146)
at org.testng.internal.invokers.TestMethodWorker.run(TestMethodWorker.java:128)
at java.base/java.util.ArrayList.forEach(ArrayList.java:1511)
at org.testng.TestRunner.privateRun(TestRunner.java:808)
at org.testng.TestRunner.run(TestRunner.java:603)
at org.testng.SuiteRunner.runTest(SuiteRunner.java:429)
at org.testng.SuiteRunner.runSequentially(SuiteRunner.java:423)
at org.testng.SuiteRunner.privateRun(SuiteRunner.java:383)
at org.testng.SuiteRunner.run(SuiteRunner.java:326)
at org.testng.SuiteRunnerWorker.runSuite(SuiteRunnerWorker.java:52)
at org.testng.SuiteRunnerWorker.run(SuiteRunnerWorker.java:95)
at org.testng.TestNG.runSuitesSequentially(TestNG.java:1249)
at org.testng.TestNG.runSuitesLocally(TestNG.java:1169)
at org.testng.TestNG.runSuites(TestNG.java:1092)
at org.testng.TestNG.run(TestNG.java:1060)
at org.testng.remote.AbstractRemoteTestNG.run(AbstractRemoteTestNG.java:115)
at org.testng.remote.RemoteTestNG.initAndRun(RemoteTestNG.java:251)
at org.testng.remote.RemoteTestNG.main(RemoteTestNG.java:77)
]]>
    </failure>
  </testcase> <!-- validatePropertyValue -->
  <system-out/>
</testsuite> <!-- com.projectName.basicTestScripts.Test001_BasicFeaturesJSON -->
